INFO:     Will watch for changes in these directories: ['C:\\Users\\Nofar\\year4SemB\\FromIdeaToApp\\outfit-planner\\backend']
INFO:     Uvicorn running on http://0.0.0.0:8000 (Press CTRL+C to quit)
INFO:     Started reloader process [18588] using WatchFiles
Process SpawnProcess-1:
Traceback (most recent call last):
  File "C:\Users\Nofar\AppData\Local\Programs\Python\Python38-32\lib\multiprocessing\process.py", line 315, in _bootstrap
    self.run()
  File "C:\Users\Nofar\AppData\Local\Programs\Python\Python38-32\lib\multiprocessing\process.py", line 108, in run
    self._target(*self._args, **self._kwargs)
  File "C:\Users\Nofar\AppData\Local\Programs\Python\Python38-32\lib\site-packages\uvicorn\_subprocess.py", line 78, in subprocess_started
    target(sockets=sockets)
  File "C:\Users\Nofar\AppData\Local\Programs\Python\Python38-32\lib\site-packages\uvicorn\server.py", line 65, in run
    return asyncio.run(self.serve(sockets=sockets))
  File "C:\Users\Nofar\AppData\Local\Programs\Python\Python38-32\lib\asyncio\runners.py", line 43, in run
    return loop.run_until_complete(main)
  File "C:\Users\Nofar\AppData\Local\Programs\Python\Python38-32\lib\asyncio\base_events.py", line 616, in run_until_complete
    return future.result()
  File "C:\Users\Nofar\AppData\Local\Programs\Python\Python38-32\lib\site-packages\uvicorn\server.py", line 69, in serve
    await self._serve(sockets)
  File "C:\Users\Nofar\AppData\Local\Programs\Python\Python38-32\lib\site-packages\uvicorn\server.py", line 76, in _serve
    config.load()
  File "C:\Users\Nofar\AppData\Local\Programs\Python\Python38-32\lib\site-packages\uvicorn\config.py", line 433, in load
    self.loaded_app = import_from_string(self.app)
  File "C:\Users\Nofar\AppData\Local\Programs\Python\Python38-32\lib\site-packages\uvicorn\importer.py", line 22, in import_from_string
    raise exc from None
  File "C:\Users\Nofar\AppData\Local\Programs\Python\Python38-32\lib\site-packages\uvicorn\importer.py", line 19, in import_from_string
    module = importlib.import_module(module_str)
  File "C:\Users\Nofar\AppData\Local\Programs\Python\Python38-32\lib\importlib\__init__.py", line 127, in import_module
    return _bootstrap._gcd_import(name[level:], package, level)
  File "<frozen importlib._bootstrap>", line 1014, in _gcd_import
  File "<frozen importlib._bootstrap>", line 991, in _find_and_load
  File "<frozen importlib._bootstrap>", line 961, in _find_and_load_unlocked
  File "<frozen importlib._bootstrap>", line 219, in _call_with_frames_removed
  File "<frozen importlib._bootstrap>", line 1014, in _gcd_import
  File "<frozen importlib._bootstrap>", line 991, in _find_and_load
  File "<frozen importlib._bootstrap>", line 973, in _find_and_load_unlocked
ModuleNotFoundError: No module named 'backend'
INFO:     Will watch for changes in these directories: ['C:\\Users\\Nofar\\year4SemB\\FromIdeaToApp\\outfit-planner\\backend']
INFO:     Uvicorn running on http://0.0.0.0:8000 (Press CTRL+C to quit)
INFO:     Started reloader process [8496] using WatchFiles
INFO:     Started server process [11512]
INFO:     Waiting for application startup.
INFO:     Application startup complete.
